  3D2D-5.cpp
D:\Projects\CPP\3D2D-5\3D2D-5\3D2D-5.cpp(12,66): warning C4244: 'argument': conversion from 'T' to 'T', possible loss of data
          with
          [
              T=unsigned int
          ]
          and
          [
              T=float
          ]
D:\Projects\CPP\3D2D-5\3D2D-5\3D2D-5.cpp(12,46): warning C4244: 'argument': conversion from 'T' to 'T', possible loss of data
          with
          [
              T=unsigned int
          ]
          and
          [
              T=float
          ]
D:\Projects\CPP\3D2D-5\3D2D-5\3D2D-5.cpp(42,23): warning C4244: 'initializing': conversion from 'T' to 'float', possible loss of data
          with
          [
              T=unsigned int
          ]
  3D2D-5.vcxproj -> D:\Projects\CPP\3D2D-5\x64\Debug\3D2D-5.exe
