  3D2D-5.cpp
D:\Projects\CPP\3D2D-5\3D2D-5\3D2D-5.cpp(12,66): warning C4244: 'argument': conversion from 'T' to 'T', possible loss of data
          with
          [
              T=unsigned int
          ]
          and
          [
              T=float
          ]
D:\Projects\CPP\3D2D-5\3D2D-5\3D2D-5.cpp(12,46): warning C4244: 'argument': conversion from 'T' to 'T', possible loss of data
          with
          [
              T=unsigned int
          ]
          and
          [
              T=float
          ]
D:\Projects\CPP\3D2D-5\3D2D-5\3D2D-5.cpp(37,45): warning C4244: 'argument': conversion from 'T' to 'float', possible loss of data
          with
          [
              T=unsigned int
          ]
  Generating code
  1 of 557 functions ( 0.2%) were compiled, the rest were copied from previous compilation.
    0 functions were new in current compilation
    0 functions had inline decision re-evaluated but remain unchanged
  Finished generating code
  3D2D-5.vcxproj -> D:\Projects\CPP\3D2D-5\x64\Release\3D2D-5.exe
